e:\iut cours\initiation algo\objet tp\tp ptuts\gestion_ptuts\debug\vc142.pdb
e:\iut cours\initiation algo\objet tp\tp ptuts\gestion_ptuts\debug\vc142.idb
e:\iut cours\initiation algo\objet tp\tp ptuts\gestion_ptuts\debug\source.obj
e:\iut cours\initiation algo\objet tp\tp ptuts\gestion_ptuts\debug\ptuts.obj
e:\iut cours\initiation algo\objet tp\tp ptuts\gestion_ptuts\debug\professeur.obj
e:\iut cours\initiation algo\objet tp\tp ptuts\gestion_ptuts\debug\personne.obj
e:\iut cours\initiation algo\objet tp\tp ptuts\gestion_ptuts\debug\gestion_ptuts.tlog\cl.write.1.tlog
e:\iut cours\initiation algo\objet tp\tp ptuts\gestion_ptuts\debug\gestion_ptuts.tlog\cl.command.1.tlog
e:\iut cours\initiation algo\objet tp\tp ptuts\gestion_ptuts\debug\gestion_ptuts.tlog\link.read.1.tlog
e:\iut cours\initiation algo\objet tp\tp ptuts\gestion_ptuts\debug\gestion_ptuts.tlog\link.write.1.tlog
e:\iut cours\initiation algo\objet tp\tp ptuts\gestion_ptuts\debug\gestion_ptuts.tlog\link.command.1.tlog
e:\iut cours\initiation algo\objet tp\tp ptuts\gestion_ptuts\debug\gestion_ptuts.tlog\cl.read.1.tlog
e:\iut cours\initiation algo\objet tp\tp ptuts\gestion_ptuts\debug\gestion_ptuts.tlog\link.21836-rc.read.1.tlog
e:\iut cours\initiation algo\objet tp\tp ptuts\gestion_ptuts\debug\gestion_ptuts.tlog\link.21836-rc.write.1.tlog
e:\iut cours\initiation algo\objet tp\tp ptuts\gestion_ptuts\debug\gestion_ptuts.tlog\link.21836-cvtres.read.1.tlog
e:\iut cours\initiation algo\objet tp\tp ptuts\gestion_ptuts\debug\gestion_ptuts.tlog\link.21836-cvtres.write.1.tlog
e:\iut cours\initiation algo\objet tp\tp ptuts\gestion_ptuts\debug\gestion_ptuts.tlog\link.21836.read.1.tlog
e:\iut cours\initiation algo\objet tp\tp ptuts\gestion_ptuts\debug\gestion_ptuts.tlog\link.21836.write.1.tlog
e:\iut cours\initiation algo\objet tp\tp ptuts\gestion_ptuts\debug\gestion_ptuts.tlog\link-rc.read.1.tlog
e:\iut cours\initiation algo\objet tp\tp ptuts\gestion_ptuts\debug\gestion_ptuts.tlog\link-rc.write.1.tlog
e:\iut cours\initiation algo\objet tp\tp ptuts\gestion_ptuts\debug\gestion_ptuts.tlog\link-cvtres.read.1.tlog
e:\iut cours\initiation algo\objet tp\tp ptuts\gestion_ptuts\debug\gestion_ptuts.tlog\link-cvtres.write.1.tlog
